# JRE version: Java(TM) SE Runtime Environment (8.0_111-b14) (build 1.8.0_111-b14)
# Java VM: Java HotSpot(TM) 64-Bit Server VM (25.111-b14 mixed mode bsd-amd64 compressed oops)
Heap:
 PSYoungGen      total 31744K, used 31077K [0x0000000795580000, 0x00000007a9400000, 0x00000007c0000000)
  eden space 31232K, 99% used [0x0000000795580000,0x00000007973b9720,0x0000000797400000)
  from space 512K, 25% used [0x00000007a9300000,0x00000007a9320000,0x00000007a9380000)
  to   space 512K, 0% used [0x00000007a9380000,0x00000007a9380000,0x00000007a9400000)
 ParOldGen       total 87552K, used 16213K [0x0000000740000000, 0x0000000745580000, 0x0000000795580000)
  object space 87552K, 18% used [0x0000000740000000,0x0000000740fd56f0,0x0000000745580000)
 Metaspace       used 19692K, capacity 19893K, committed 19968K, reserved 1067008K
  class space    used 1928K, capacity 2017K, committed 2048K, reserved 1048576K
GC Heap History (10 events):
Event: 40.056 GC heap before
{Heap before GC invocations=215 (full 0):
 PSYoungGen      total 34304K, used 33920K [0x0000000795580000, 0x00000007a9400000, 0x00000007c0000000)
  eden space 33792K, 100% used [0x0000000795580000,0x0000000797680000,0x0000000797680000)
  from space 512K, 25% used [0x00000007a9380000,0x00000007a93a0000,0x00000007a9400000)
  to   space 512K, 0% used [0x00000007a9300000,0x00000007a9300000,0x00000007a9380000)
 ParOldGen       total 87552K, used 16213K [0x0000000740000000, 0x0000000745580000, 0x0000000795580000)
  object space 87552K, 18% used [0x0000000740000000,0x0000000740fd56f0,0x0000000745580000)
 Metaspace       used 19656K, capacity 19893K, committed 19968K, reserved 1067008K
  class space    used 1920K, capacity 2017K, committed 2048K, reserved 1048576K
Event: 40.057 GC heap after
Heap after GC invocations=215 (full 0):
 PSYoungGen      total 33792K, used 96K [0x0000000795580000, 0x00000007a9400000, 0x00000007c0000000)
  eden space 33280K, 0% used [0x0000000795580000,0x0000000795580000,0x0000000797600000)
  from space 512K, 18% used [0x00000007a9300000,0x00000007a9318000,0x00000007a9380000)
  to   space 512K, 0% used [0x00000007a9380000,0x00000007a9380000,0x00000007a9400000)
 ParOldGen       total 87552K, used 16213K [0x0000000740000000, 0x0000000745580000, 0x0000000795580000)
  object space 87552K, 18% used [0x0000000740000000,0x0000000740fd56f0,0x0000000745580000)
 Metaspace       used 19656K, capacity 19893K, committed 19968K, reserved 1067008K
  class space    used 1920K, capacity 2017K, committed 2048K, reserved 1048576K
}
Event: 40.154 GC heap before
{Heap before GC invocations=216 (full 0):
 PSYoungGen      total 33792K, used 33376K [0x0000000795580000, 0x00000007a9400000, 0x00000007c0000000)
  eden space 33280K, 100% used [0x0000000795580000,0x0000000797600000,0x0000000797600000)
  from space 512K, 18% used [0x00000007a9300000,0x00000007a9318000,0x00000007a9380000)
  to   space 512K, 0% used [0x00000007a9380000,0x00000007a9380000,0x00000007a9400000)
 ParOldGen       total 87552K, used 16213K [0x0000000740000000, 0x0000000745580000, 0x0000000795580000)
  object space 87552K, 18% used [0x0000000740000000,0x0000000740fd56f0,0x0000000745580000)
 Metaspace       used 19656K, capacity 19893K, committed 19968K, reserved 1067008K
  class space    used 1920K, capacity 2017K, committed 2048K, reserved 1048576K
Event: 40.155 GC heap after
Heap after GC invocations=216 (full 0):
 PSYoungGen      total 33280K, used 128K [0x0000000795580000, 0x00000007a9400000, 0x00000007c0000000)
  eden space 32768K, 0% used [0x0000000795580000,0x0000000795580000,0x0000000797580000)
  from space 512K, 25% used [0x00000007a9380000,0x00000007a93a0000,0x00000007a9400000)
  to   space 512K, 0% used [0x00000007a9300000,0x00000007a9300000,0x00000007a9380000)
 ParOldGen       total 87552K, used 16213K [0x0000000740000000, 0x0000000745580000, 0x0000000795580000)
  object space 87552K, 18% used [0x0000000740000000,0x0000000740fd56f0,0x0000000745580000)
 Metaspace       used 19656K, capacity 19893K, committed 19968K, reserved 1067008K
  class space    used 1920K, capacity 2017K, committed 2048K, reserved 1048576K
}
Event: 40.251 GC heap before
{Heap before GC invocations=217 (full 0):
 PSYoungGen      total 33280K, used 32896K [0x0000000795580000, 0x00000007a9400000, 0x00000007c0000000)
  eden space 32768K, 100% used [0x0000000795580000,0x0000000797580000,0x0000000797580000)
  from space 512K, 25% used [0x00000007a9380000,0x00000007a93a0000,0x00000007a9400000)
  to   space 512K, 0% used [0x00000007a9300000,0x00000007a9300000,0x00000007a9380000)
 ParOldGen       total 87552K, used 16213K [0x0000000740000000, 0x0000000745580000, 0x0000000795580000)
  object space 87552K, 18% used [0x0000000740000000,0x0000000740fd56f0,0x0000000745580000)
 Metaspace       used 19656K, capacity 19893K, committed 19968K, reserved 1067008K
  class space    used 1920K, capacity 2017K, committed 2048K, reserved 1048576K
Event: 40.252 GC heap after
Heap after GC invocations=217 (full 0):
 PSYoungGen      total 32768K, used 128K [0x0000000795580000, 0x00000007a9400000, 0x00000007c0000000)
  eden space 32256K, 0% used [0x0000000795580000,0x0000000795580000,0x0000000797500000)
  from space 512K, 25% used [0x00000007a9300000,0x00000007a9320000,0x00000007a9380000)
  to   space 512K, 0% used [0x00000007a9380000,0x00000007a9380000,0x00000007a9400000)
 ParOldGen       total 87552K, used 16213K [0x0000000740000000, 0x0000000745580000, 0x0000000795580000)
  object space 87552K, 18% used [0x0000000740000000,0x0000000740fd56f0,0x0000000745580000)
 Metaspace       used 19656K, capacity 19893K, committed 19968K, reserved 1067008K
  class space    used 1920K, capacity 2017K, committed 2048K, reserved 1048576K
}
Event: 40.328 GC heap before
{Heap before GC invocations=218 (full 0):
 PSYoungGen      total 32768K, used 32384K [0x0000000795580000, 0x00000007a9400000, 0x00000007c0000000)
  eden space 32256K, 100% used [0x0000000795580000,0x0000000797500000,0x0000000797500000)
  from space 512K, 25% used [0x00000007a9300000,0x00000007a9320000,0x00000007a9380000)
  to   space 512K, 0% used [0x00000007a9380000,0x00000007a9380000,0x00000007a9400000)
 ParOldGen       total 87552K, used 16213K [0x0000000740000000, 0x0000000745580000, 0x0000000795580000)
  object space 87552K, 18% used [0x0000000740000000,0x0000000740fd56f0,0x0000000745580000)
 Metaspace       used 19656K, capacity 19893K, committed 19968K, reserved 1067008K
  class space    used 1920K, capacity 2017K, committed 2048K, reserved 1048576K
Event: 40.328 GC heap after
Heap after GC invocations=218 (full 0):
 PSYoungGen      total 32256K, used 128K [0x0000000795580000, 0x00000007a9400000, 0x00000007c0000000)
  eden space 31744K, 0% used [0x0000000795580000,0x0000000795580000,0x0000000797480000)
  from space 512K, 25% used [0x00000007a9380000,0x00000007a93a0000,0x00000007a9400000)
  to   space 512K, 0% used [0x00000007a9300000,0x00000007a9300000,0x00000007a9380000)
 ParOldGen       total 87552K, used 16213K [0x0000000740000000, 0x0000000745580000, 0x0000000795580000)
  object space 87552K, 18% used [0x0000000740000000,0x0000000740fd56f0,0x0000000745580000)
 Metaspace       used 19656K, capacity 19893K, committed 19968K, reserved 1067008K
  class space    used 1920K, capacity 2017K, committed 2048K, reserved 1048576K
}
Event: 40.422 GC heap before
{Heap before GC invocations=219 (full 0):
 PSYoungGen      total 32256K, used 31872K [0x0000000795580000, 0x00000007a9400000, 0x00000007c0000000)
  eden space 31744K, 100% used [0x0000000795580000,0x0000000797480000,0x0000000797480000)
  from space 512K, 25% used [0x00000007a9380000,0x00000007a93a0000,0x00000007a9400000)
  to   space 512K, 0% used [0x00000007a9300000,0x00000007a9300000,0x00000007a9380000)
 ParOldGen       total 87552K, used 16213K [0x0000000740000000, 0x0000000745580000, 0x0000000795580000)
  object space 87552K, 18% used [0x0000000740000000,0x0000000740fd56f0,0x0000000745580000)
 Metaspace       used 19656K, capacity 19893K, committed 19968K, reserved 1067008K
  class space    used 1920K, capacity 2017K, committed 2048K, reserved 1048576K
Event: 40.423 GC heap after
Heap after GC invocations=219 (full 0):
 PSYoungGen      total 31744K, used 128K [0x0000000795580000, 0x00000007a9400000, 0x00000007c0000000)
  eden space 31232K, 0% used [0x0000000795580000,0x0000000795580000,0x0000000797400000)
  from space 512K, 25% used [0x00000007a9300000,0x00000007a9320000,0x00000007a9380000)
  to   space 512K, 0% used [0x00000007a9380000,0x00000007a9380000,0x00000007a9400000)
 ParOldGen       total 87552K, used 16213K [0x0000000740000000, 0x0000000745580000, 0x0000000795580000)
  object space 87552K, 18% used [0x0000000740000000,0x0000000740fd56f0,0x0000000745580000)
 Metaspace       used 19656K, capacity 19893K, committed 19968K, reserved 1067008K
  class space    used 1920K, capacity 2017K, committed 2048K, reserved 1048576K
}

